kotlin version: 2.0.0-Beta4
error message: java.lang.OutOfMemoryError: Java heap space
	at java.base/java.util.Arrays.copyOf(Unknown Source)
	at java.base/java.io.ByteArrayOutputStream.ensureCapacity(Unknown Source)
	at java.base/java.io.ByteArrayOutputStream.write(Unknown Source)
	at java.base/java.io.ByteArrayOutputStream.writeTo(Unknown Source)
	at org.jetbrains.kotlin.wasm.ir.convertors.ByteWriter$OutputStream.write(WasmIrToBinary.kt:709)
	at org.jetbrains.kotlin.wasm.ir.convertors.WasmIrToBinary.withVarUInt32PayloadSizePrepended(WasmIrToBinary.kt:339)
	at org.jetbrains.kotlin.wasm.ir.convertors.WasmIrToBinary.appendSection-Sr9dMcE(WasmIrToBinary.kt:321)
	at org.jetbrains.kotlin.wasm.ir.convertors.WasmIrToBinary.appendTextSection(WasmIrToBinary.kt:194)
	at org.jetbrains.kotlin.wasm.ir.convertors.WasmIrToBinary.appendWasmModule(WasmIrToBinary.kt:186)
	at org.jetbrains.kotlin.backend.wasm.CompilerKt.compileWasm-uzOlIq4(compiler.kt:169)
	at org.jetbrains.kotlin.cli.js.K2JsIrCompiler.doExecute(K2JsIrCompiler.kt:375)
	at org.jetbrains.kotlin.cli.js.K2JSCompiler.doExecute(K2JSCompiler.java:181)
	at org.jetbrains.kotlin.cli.js.K2JSCompiler.doExecute(K2JSCompiler.java:72)
	at org.jetbrains.kotlin.cli.common.CLICompiler.execImpl(CLICompiler.kt:104)
	at org.jetbrains.kotlin.cli.common.CLICompiler.execImpl(CLICompiler.kt:48)
	at org.jetbrains.kotlin.cli.common.CLITool.exec(CLITool.kt:101)
	at org.jetbrains.kotlin.daemon.CompileServiceImpl.compile(CompileServiceImpl.kt:1569)
	at jdk.internal.reflect.GeneratedMethodAccessor13.invoke(Unknown Source)
	at java.base/jdk.internal.reflect.DelegatingMethodAccessorImpl.invoke(Unknown Source)
	at java.base/java.lang.reflect.Method.invoke(Unknown Source)
	at java.rmi/sun.rmi.server.UnicastServerRef.dispatch(Unknown Source)
	at java.rmi/sun.rmi.transport.Transport$1.run(Unknown Source)
	at java.rmi/sun.rmi.transport.Transport$1.run(Unknown Source)
	at java.base/java.security.AccessController.executePrivileged(Unknown Source)
	at java.base/java.security.AccessController.doPrivileged(Unknown Source)
	at java.rmi/sun.rmi.transport.Transport.serviceCall(Unknown Source)
	at java.rmi/sun.rmi.transport.tcp.TCPTransport.handleMessages(Unknown Source)
	at java.rmi/sun.rmi.transport.tcp.TCPTransport$ConnectionHandler.run0(Unknown Source)
	at java.rmi/sun.rmi.transport.tcp.TCPTransport$ConnectionHandler.lambda$run$0(Unknown Source)
	at java.rmi/sun.rmi.transport.tcp.TCPTransport$ConnectionHandler$$Lambda$91/0x0000000800177508.run(Unknown Source)
	at java.base/java.security.AccessController.executePrivileged(Unknown Source)
	at java.base/java.security.AccessController.doPrivileged(Unknown Source)


