kotlin version: 2.0.0-Beta4
error message: java.lang.OutOfMemoryError: Java heap space
	at java.base/java.util.Arrays.copyOf(Unknown Source)
	at java.base/java.lang.AbstractStringBuilder.ensureCapacityInternal(Unknown Source)
	at java.base/java.lang.AbstractStringBuilder.append(Unknown Source)
	at java.base/java.lang.StringBuffer.append(Unknown Source)
	at java.base/java.io.StringWriter.write(Unknown Source)
	at java.base/java.io.StringWriter.append(Unknown Source)
	at java.base/java.io.StringWriter.append(Unknown Source)
	at org.jetbrains.kotlin.js.parser.sourcemaps.JsonString.write(JSON.kt:98)
	at org.jetbrains.kotlin.js.parser.sourcemaps.JsonObject.write(JSON.kt:61)
	at org.jetbrains.kotlin.js.parser.sourcemaps.JsonNode.toString(JSON.kt:24)
	at org.jetbrains.kotlin.js.parser.sourcemaps.JsonObject.toString(JSON.kt:66)
	at org.jetbrains.kotlin.js.sourceMap.SourceMap3Builder.build(SourceMap3Builder.kt:54)
	at org.jetbrains.kotlin.backend.wasm.utils.SourceMapGenerator.generate(SourceMapGenerator.kt:75)
	at org.jetbrains.kotlin.backend.wasm.CompilerKt.compileWasm-uzOlIq4(compiler.kt:192)
	at org.jetbrains.kotlin.cli.js.K2JsIrCompiler.doExecute(K2JsIrCompiler.kt:375)
	at org.jetbrains.kotlin.cli.js.K2JSCompiler.doExecute(K2JSCompiler.java:181)
	at org.jetbrains.kotlin.cli.js.K2JSCompiler.doExecute(K2JSCompiler.java:72)
	at org.jetbrains.kotlin.cli.common.CLICompiler.execImpl(CLICompiler.kt:104)
	at org.jetbrains.kotlin.cli.common.CLICompiler.execImpl(CLICompiler.kt:48)
	at org.jetbrains.kotlin.cli.common.CLITool.exec(CLITool.kt:101)
	at org.jetbrains.kotlin.daemon.CompileServiceImpl.compile(CompileServiceImpl.kt:1569)
	at java.base/jdk.internal.reflect.NativeMethodAccessorImpl.invoke0(Native Method)
	at java.base/jdk.internal.reflect.NativeMethodAccessorImpl.invoke(Unknown Source)
	at java.base/jdk.internal.reflect.DelegatingMethodAccessorImpl.invoke(Unknown Source)
	at java.base/java.lang.reflect.Method.invoke(Unknown Source)
	at java.rmi/sun.rmi.server.UnicastServerRef.dispatch(Unknown Source)
	at java.rmi/sun.rmi.transport.Transport$1.run(Unknown Source)
	at java.rmi/sun.rmi.transport.Transport$1.run(Unknown Source)
	at java.base/java.security.AccessController.executePrivileged(Unknown Source)
	at java.base/java.security.AccessController.doPrivileged(Unknown Source)
	at java.rmi/sun.rmi.transport.Transport.serviceCall(Unknown Source)
	at java.rmi/sun.rmi.transport.tcp.TCPTransport.handleMessages(Unknown Source)


