kotlin version: 2.0.0-Beta4
error message: java.lang.NoSuchMethodError: org.jetbrains.kotlin.fir.analysis.checkers.declaration.FirDeclarationChecker: method 'void <init>()' not found
	at androidx.compose.compiler.plugins.kotlin.k2.ComposableFunctionChecker.<init>(ComposableFunctionChecker.kt:33)
	at androidx.compose.compiler.plugins.kotlin.k2.ComposableFunctionChecker.<clinit>(ComposableFunctionChecker.kt)
	at androidx.compose.compiler.plugins.kotlin.k2.ComposeFirCheckersExtension$declarationCheckers$1.<init>(ComposeFirExtensions.kt:98)
	at androidx.compose.compiler.plugins.kotlin.k2.ComposeFirCheckersExtension.<init>(ComposeFirExtensions.kt:96)
	at androidx.compose.compiler.plugins.kotlin.k2.ComposeFirExtensionRegistrar$configurePlugin$2.invoke(ComposeFirExtensions.kt:39)
	at androidx.compose.compiler.plugins.kotlin.k2.ComposeFirExtensionRegistrar$configurePlugin$2.invoke(ComposeFirExtensions.kt:39)
	at org.jetbrains.kotlin.fir.extensions.FirExtensionRegistrar$ExtensionRegistrarContext.unaryPlus$lambda$2(FirExtensionRegistrar.kt:133)
	at org.jetbrains.kotlin.fir.extensions.FirExtensionService.registerExtensions(FirExtensionService.kt:43)
	at org.jetbrains.kotlin.fir.extensions.FirExtensionRegistrarKt.registerExtensions(FirExtensionRegistrar.kt:260)
	at org.jetbrains.kotlin.fir.session.FirSessionConfigurator.configure(FirSessionConfigurator.kt:53)
	at org.jetbrains.kotlin.fir.session.FirAbstractSessionFactory.createModuleBasedSession(FirAbstractSessionFactory.kt:120)
	at org.jetbrains.kotlin.fir.session.FirJvmSessionFactory.createModuleBasedSession(FirJvmSessionFactory.kt:99)
	at org.jetbrains.kotlin.cli.common.FirSessionConstructionUtilsKt.prepareJvmSessions(FirSessionConstructionUtils.kt:98)
	at org.jetbrains.kotlin.cli.jvm.compiler.pipeline.CompilerPipelineKt.compileModuleToAnalyzedFir(compilerPipeline.kt:295)
	at org.jetbrains.kotlin.cli.jvm.compiler.pipeline.CompilerPipelineKt.compileModulesUsingFrontendIrAndLightTree(compilerPipeline.kt:117)
	at org.jetbrains.kotlin.cli.jvm.K2JVMCompiler.doExecute(K2JVMCompiler.kt:156)
	at org.jetbrains.kotlin.cli.jvm.K2JVMCompiler.doExecute(K2JVMCompiler.kt:50)
	at org.jetbrains.kotlin.cli.common.CLICompiler.execImpl(CLICompiler.kt:104)
	at org.jetbrains.kotlin.cli.common.CLICompiler.execImpl(CLICompiler.kt:48)
	at org.jetbrains.kotlin.cli.common.CLITool.exec(CLITool.kt:101)
	at org.jetbrains.kotlin.incremental.IncrementalJvmCompilerRunner.runCompiler(IncrementalJvmCompilerRunner.kt:453)
	at org.jetbrains.kotlin.incremental.IncrementalJvmCompilerRunner.runCompiler(IncrementalJvmCompilerRunner.kt:62)
	at org.jetbrains.kotlin.incremental.IncrementalCompilerRunner.doCompile(IncrementalCompilerRunner.kt:502)
	at org.jetbrains.kotlin.incremental.IncrementalCompilerRunner.compileImpl(IncrementalCompilerRunner.kt:420)
	at org.jetbrains.kotlin.incremental.IncrementalCompilerRunner.compileNonIncrementally(IncrementalCompilerRunner.kt:301)
	at org.jetbrains.kotlin.incremental.IncrementalCompilerRunner.compile(IncrementalCompilerRunner.kt:129)
	at org.jetbrains.kotlin.daemon.CompileServiceImplBase.execIncrementalCompiler(CompileServiceImpl.kt:687)
	at org.jetbrains.kotlin.daemon.CompileServiceImplBase.access$execIncrementalCompiler(CompileServiceImpl.kt:103)
	at org.jetbrains.kotlin.daemon.CompileServiceImpl.compile(CompileServiceImpl.kt:1674)
	at java.base/jdk.internal.reflect.NativeMethodAccessorImpl.invoke0(Native Method)
	at java.base/jdk.internal.reflect.NativeMethodAccessorImpl.invoke(Unknown Source)
	at java.base/jdk.internal.reflect.DelegatingMethodAccessorImpl.invoke(Unknown Source)
	at java.base/java.lang.reflect.Method.invoke(Unknown Source)
	at java.rmi/sun.rmi.server.UnicastServerRef.dispatch(Unknown Source)
	at java.rmi/sun.rmi.transport.Transport$1.run(Unknown Source)
	at java.rmi/sun.rmi.transport.Transport$1.run(Unknown Source)
	at java.base/java.security.AccessController.doPrivileged(Unknown Source)
	at java.rmi/sun.rmi.transport.Transport.serviceCall(Unknown Source)
	at java.rmi/sun.rmi.transport.tcp.TCPTransport.handleMessages(Unknown Source)
	at java.rmi/sun.rmi.transport.tcp.TCPTransport$ConnectionHandler.run0(Unknown Source)
	at java.rmi/sun.rmi.transport.tcp.TCPTransport$ConnectionHandler.lambda$run$0(Unknown Source)
	at java.base/java.security.AccessController.doPrivileged(Unknown Source)
	at java.rmi/sun.rmi.transport.tcp.TCPTransport$ConnectionHandler.run(Unknown Source)
	at java.base/java.util.concurrent.ThreadPoolExecutor.runWorker(Unknown Source)
	at java.base/java.util.concurrent.ThreadPoolExecutor$Worker.run(Unknown Source)
	at java.base/java.lang.Thread.run(Unknown Source)


