kotlin version: 2.0.0-Beta4
error message: java.lang.OutOfMemoryError: Java heap space
	at java.base/java.util.Arrays.copyOf(Arrays.java:3537)
	at java.base/java.lang.AbstractStringBuilder.ensureCapacityInternal(AbstractStringBuilder.java:228)
	at java.base/java.lang.AbstractStringBuilder.append(AbstractStringBuilder.java:802)
	at java.base/java.lang.StringBuffer.append(StringBuffer.java:425)
	at java.base/java.io.StringWriter.write(StringWriter.java:77)
	at java.base/java.io.StringWriter.append(StringWriter.java:210)
	at java.base/java.io.StringWriter.append(StringWriter.java:41)
	at org.jetbrains.kotlin.js.parser.sourcemaps.JsonString.write(JSON.kt:98)
	at org.jetbrains.kotlin.js.parser.sourcemaps.JsonArray.write(JSON.kt:80)
	at org.jetbrains.kotlin.js.parser.sourcemaps.JsonObject.write(JSON.kt:61)
	at org.jetbrains.kotlin.js.parser.sourcemaps.JsonNode.toString(JSON.kt:24)
	at org.jetbrains.kotlin.js.parser.sourcemaps.JsonObject.toString(JSON.kt:66)
	at org.jetbrains.kotlin.js.sourceMap.SourceMap3Builder.build(SourceMap3Builder.kt:54)
	at org.jetbrains.kotlin.backend.wasm.utils.SourceMapGenerator.generate(SourceMapGenerator.kt:75)
	at org.jetbrains.kotlin.backend.wasm.CompilerKt.compileWasm-uzOlIq4(compiler.kt:192)
	at org.jetbrains.kotlin.cli.js.K2JsIrCompiler.doExecute(K2JsIrCompiler.kt:375)
	at org.jetbrains.kotlin.cli.js.K2JSCompiler.doExecute(K2JSCompiler.java:181)
	at org.jetbrains.kotlin.cli.js.K2JSCompiler.doExecute(K2JSCompiler.java:72)
	at org.jetbrains.kotlin.cli.common.CLICompiler.execImpl(CLICompiler.kt:104)
	at org.jetbrains.kotlin.cli.common.CLICompiler.execImpl(CLICompiler.kt:48)
	at org.jetbrains.kotlin.cli.common.CLITool.exec(CLITool.kt:101)
	at org.jetbrains.kotlin.daemon.CompileServiceImpl.compile(CompileServiceImpl.kt:1569)
	at jdk.internal.reflect.GeneratedMethodAccessor19.invoke(Unknown Source)
	at java.base/jdk.internal.reflect.DelegatingMethodAccessorImpl.invoke(DelegatingMethodAccessorImpl.java:43)
	at java.base/java.lang.reflect.Method.invoke(Method.java:568)
	at java.rmi/sun.rmi.server.UnicastServerRef.dispatch(UnicastServerRef.java:360)
	at java.rmi/sun.rmi.transport.Transport$1.run(Transport.java:200)
	at java.rmi/sun.rmi.transport.Transport$1.run(Transport.java:197)
	at java.base/java.security.AccessController.executePrivileged(AccessController.java:807)
	at java.base/java.security.AccessController.doPrivileged(AccessController.java:712)
	at java.rmi/sun.rmi.transport.Transport.serviceCall(Transport.java:196)
	at java.rmi/sun.rmi.transport.tcp.TCPTransport.handleMessages(TCPTransport.java:587)


